Regexp/Common/SEN.pm
Regexp/Common/URI/tel.pm
Regexp/Common/list.pm
Regexp/Common/URI/news.pm
IO/Handle.pm
DynaLoader.pm
English.pm
SpamReport/Maillog.pm
Date/Parse.pm
Regexp/Common/comment.pm
SpamReport/Output.pm
Time/localtime.pm
List/Util.pm
IO/Select.pm
warnings/register.pm
vars.pm
Regexp/Common/URI/pop.pm
Regexp/Common/URI/wais.pm
File/Spec/Unix.pm
Carp.pm
Time/tm.pm
Regexp/Common/URI/RFC1738.pm
Encode/Encoding.pm
File/Spec.pm
Config.pm
Regexp/Common/Exim.pm
overloading.pm
Pod/Usage.pm
IO/File.pm
Regexp/Common/URI.pm
Regexp/Common/Maillog.pm
IPC/Open3.pm
Regexp/Common/URI/RFC1035.pm
Regexp/Common/net.pm
IO.pm
YAML/Syck.pm
Regexp/Common/lingua.pm
SpamReport/Data.pm
Regexp/Common/profanity.pm
File/Nonblock.pm
Encode.pm
base.pm
Regexp/Common/URI/gopher.pm
SpamReport/ANSIColor.pm
Sys/Hostname.pm
IPC/Open2.pm
Regexp/Common/balanced.pm
Pod/Simple.pm
integer.pm
Regexp/Common/delimited.pm
Pod/Simple/LinkSection.pm
Errno.pm
Time/Local.pm
Pod/Escapes.pm
Class/Struct.pm
overload.pm
Regexp/Common/URI/RFC2384.pm
POSIX.pm
constant.pm
Regexp/Common/URI/RFC1808.pm
Regexp/Common/URI/RFC2396.pm
Encode/Config.pm
Regexp/Common/zip.pm
Tie/Hash/NamedCapture.pm
SpamReport/Exim/DB.pm
Sys/Hostname/Long.pm
Exporter/Heavy.pm
Regexp/Common/whitespace.pm
SpamReport/Exim.pm
Regexp/Common/URI/tv.pm
Regexp/Common/URI/RFC2806.pm
Storable.pm
Time/Zone.pm
Regexp/Common/URI/ftp.pm
Regexp/Common/_support.pm
File/Basename.pm
Regexp/Common/URI/file.pm
Regexp/Common/URI/telnet.pm
Regexp/Common/URI/prospero.pm
common/sense.pm
Pod/Simple/BlackBox.pm
Socket.pm
Symbol.pm
SelectSaver.pm
SpamReport/Cpanel.pm
Regexp/Common.pm
Tie/Hash.pm
Getopt/Long.pm
Fcntl.pm
Regexp/Common/URI/http.pm
Regexp/Common/CC.pm
File/Glob.pm
File/Which.pm
IO/Seekable.pm
DB_File.pm
re.pm
Tie/File.pm
Scalar/Util.pm
Pod/Text.pm
Encode/Alias.pm
Regexp/Common/URI/fax.pm
bytes.pm
Regexp/Common/SpamReport.pm
Regexp/Common/number.pm
